<?xml version="1.0" encoding="UTF-8"?>
<!-- Generated by org.testng.reporters.JUnitXMLReporter -->
<testsuite ignored="0" hostname="LAPTOP-SAPACB4E" failures="0" tests="4" name="Default test" time="27.497" errors="0" timestamp="2022-11-28T14:02:08 IST">
  <testcase classname="Testcases.CreateNewButtonTC" name="loginCheck" time="0.431"/>
  <testcase classname="Testcases.CreateNewButtonTC" name="loginCheck" time="0.254"/>
  <testcase classname="Testcases.CreateNewButtonTC" name="loginCheck" time="0.264"/>
  <testcase classname="Testcases.CreateNewButtonTC" name="loginCheck" time="0.27"/>
</testsuite> <!-- Default test -->
