<?xml version="1.0" encoding="UTF-8"?>
<!-- Generated by org.testng.reporters.JUnitXMLReporter -->
<testsuite ignored="0" hostname="LAPTOP-SAPACB4E" failures="0" tests="6" name="Test" time="111.172" errors="0" timestamp="2022-11-30T19:03:45 IST">
  <testcase classname="Testcases.ForgotPassword" name="forgotPasswordText" time="0.11"/>
  <testcase classname="Testcases.CreateNewAccount" name="createNewButton" time="3.127"/>
  <testcase classname="Testcases.LoginCheck" name="loginCheck" time="0.47"/>
  <testcase classname="Testcases.LoginCheck" name="loginCheck" time="0.385"/>
  <testcase classname="Testcases.LoginCheck" name="loginCheck" time="0.375"/>
  <testcase classname="Testcases.LoginCheck" name="loginCheck" time="0.404"/>
</testsuite> <!-- Test -->
