<?xml version="1.0" encoding="UTF-8"?>
<!-- Generated by org.testng.reporters.JUnitXMLReporter -->
<testsuite ignored="0" hostname="LAPTOP-SAPACB4E" failures="1" tests="3" name="Test" time="0.293" errors="0" timestamp="2022-11-23T20:00:25 IST">
  <testcase classname="FirstMavenProject.Report" name="Forgot" time="0.022"/>
  <testcase classname="FirstMavenProject.Report" name="Reg" time="0.001"/>
  <testcase classname="FirstMavenProject.Report" name="login" time="0.004">
    <failure type="java.lang.AssertionError" message="expected [true] but found [false]">
      <![CDATA[java.lang.AssertionError: expected [true] but found [false]
at FirstMavenProject.Report.login(Report.java:11)
at java.base/java.util.ArrayList.forEach(ArrayList.java:1511)
... Removed 31 stack frames]]>
    </failure>
  </testcase> <!-- login -->
</testsuite> <!-- Test -->
