<?xml version="1.0" encoding="UTF-8"?>
<testng-results ignored="0" total="1" passed="1" failed="0" skipped="0">
  <reporter-output>
  </reporter-output>
  <suite started-at="2022-11-30T20:21:06 IST" name="Default suite" finished-at="2022-11-30T20:21:16 IST" duration-ms="10383">
    <groups>
    </groups>
    <test started-at="2022-11-30T20:21:06 IST" name="Default test" finished-at="2022-11-30T20:21:16 IST" duration-ms="10383">
      <class name="Testcases.DateOfBirthTC">
        <test-method is-config="true" signature="setup()[pri:0, instance:Testcases.DateOfBirthTC@1cbbffcd]" started-at="2022-11-30T20:21:06 IST" name="setup" finished-at="2022-11-30T20:21:12 IST" duration-ms="6761" status="PASS">
          <reporter-output>
          </reporter-output>
        </test-method> <!-- setup -->
        <test-method signature="dateOfBirthFacebook()[pri:0, instance:Testcases.DateOfBirthTC@1cbbffcd]" started-at="2022-11-30T20:21:12 IST" name="dateOfBirthFacebook" finished-at="2022-11-30T20:21:16 IST" duration-ms="3583" status="PASS">
          <reporter-output>
          </reporter-output>
        </test-method> <!-- dateOfBirthFacebook -->
      </class> <!-- Testcases.DateOfBirthTC -->
    </test> <!-- Default test -->
  </suite> <!-- Default suite -->
</testng-results>
